<?xml version="1.0" encoding="UTF-8"?>
<!-- Generated by org.testng.reporters.JUnitReportReporter -->
<testsuite hostname="Lenovo-019" failures="0" tests="2" name="dockerSetup.setupDocker" time="0.070" errors="0" timestamp="2022-08-10T15:42:40 IST" skipped="0">
  <testcase classname="dockerSetup.setupDocker" name="dockerUp" time="0.066"/>
  <system-out/>
  <testcase classname="dockerSetup.setupDocker" name="scaleChrome" time="0.004"/>
  <system-out/>
</testsuite> <!-- dockerSetup.setupDocker -->
