<?xml version="1.0" encoding="UTF-8"?>
<!-- Generated by org.testng.reporters.JUnitReportReporter -->
<testsuite skipped="0" hostname="DESKTOP-P94U7PI" name="test.aress.com.Script3" tests="1" failures="0" timestamp="19 Jul 2022 06:01:43 GMT" time="0.004" errors="0">
  <testcase name="method3" time="0.004" classname="test.aress.com.Script3"/>
</testsuite> <!-- test.aress.com.Script3 -->
