<?xml version="1.0" encoding="UTF-8"?>
<!-- Generated by org.testng.reporters.JUnitReportReporter -->
<testsuite hostname="Lenovo-019" failures="0" tests="1" name="test.aress.com.Script4" time="0.010" errors="0" timestamp="2022-08-09T14:26:32 IST" skipped="0">
  <testcase classname="test.aress.com.Script4" name="method4" time="0.010"/>
  <system-out/>
</testsuite> <!-- test.aress.com.Script4 -->
