<?xml version="1.0" encoding="UTF-8"?>
<!-- Generated by org.testng.reporters.JUnitReportReporter -->
<testsuite hostname="Lenovo-019" failures="0" tests="1" name="dockerSetup.teardownDocker" time="0.004" errors="0" timestamp="2022-08-10T15:12:33 IST" skipped="0">
  <testcase classname="dockerSetup.teardownDocker" name="runyaml" time="0.004"/>
  <system-out/>
</testsuite> <!-- dockerSetup.teardownDocker -->
