<?xml version="1.0" encoding="UTF-8"?>
<!-- Generated by org.testng.reporters.JUnitReportReporter -->
<testsuite hostname="Lenovo-019" failures="0" tests="1" name="test.aress.com.Script1" time="101.149" errors="0" timestamp="2022-08-04T17:22:55 IST" skipped="0">
  <testcase classname="test.aress.com.Script1" name="method1" time="101.149"/>
  <system-out/>
</testsuite> <!-- test.aress.com.Script1 -->
