<?xml version="1.0" encoding="UTF-8"?>
<!-- Generated by org.testng.reporters.JUnitReportReporter -->
<testsuite skipped="0" hostname="DESKTOP-P94U7PI" name="test.aress.com.Script2" tests="1" failures="0" timestamp="19 Jul 2022 06:01:43 GMT" time="0.003" errors="0">
  <testcase name="method2" time="0.003" classname="test.aress.com.Script2"/>
</testsuite> <!-- test.aress.com.Script2 -->
