<?xml version="1.0" encoding="UTF-8"?>
<!-- Generated by org.testng.reporters.JUnitReportReporter -->
<testsuite hostname="Lenovo-019" failures="0" tests="1" name="test.aress.com.Script2" time="102.367" errors="0" timestamp="2022-08-04T17:22:55 IST" skipped="0">
  <testcase classname="test.aress.com.Script2" name="method2" time="102.367"/>
  <system-out/>
</testsuite> <!-- test.aress.com.Script2 -->
